=== START 2026-06-18T00:24:29+09:00 ===
--- [1/2] make_fig_conformal_3d.py (Func_cp_3d_zoom.png; recompute) ---
pybullet build time: Jun 17 2026 20:49:40
b3Warning[examples/SharedMemory/PhysicsDirect.cpp,864]:
Remove body failed
b3Warning[examples/SharedMemory/PhysicsDirect.cpp,864]:
Remove body failed
b3Warning[examples/SharedMemory/PhysicsDirect.cpp,864]:
Remove body failed
b3Warning[examples/SharedMemory/PhysicsDirect.cpp,864]:
Remove body failed
b3Warning[examples/SharedMemory/PhysicsDirect.cpp,864]:
Remove body failed
b3Warning[examples/SharedMemory/PhysicsDirect.cpp,864]:
Remove body failed
b3Warning[examples/SharedMemory/PhysicsDirect.cpp,864]:
Remove body failed
b3Warning[examples/SharedMemory/PhysicsDirect.cpp,864]:
Remove body failed
b3Warning[examples/SharedMemory/PhysicsDirect.cpp,864]:
Remove body failed
b3Warning[examples/SharedMemory/PhysicsDirect.cpp,864]:
Remove body failed
b3Warning[examples/SharedMemory/PhysicsDirect.cpp,864]:
Remove body failed
b3Warning[examples/SharedMemory/PhysicsDirect.cpp,864]:
Remove body failed
b3Warning[examples/SharedMemory/PhysicsDirect.cpp,864]:
Remove body failed
b3Warning[examples/SharedMemory/PhysicsDirect.cpp,864]:
Remove body failed
b3Warning[examples/SharedMemory/PhysicsDirect.cpp,864]:
Remove body failed
b3Warning[examples/SharedMemory/PhysicsDirect.cpp,864]:
Remove body failed
b3Warning[examples/SharedMemory/PhysicsDirect.cpp,864]:
Remove body failed
b3Warning[examples/SharedMemory/PhysicsDirect.cpp,864]:
Remove body failed
b3Warning[examples/SharedMemory/PhysicsDirect.cpp,864]:
Remove body failed
b3Warning[examples/SharedMemory/PhysicsDirect.cpp,864]:
Remove body failed
b3Warning[examples/SharedMemory/PhysicsDirect.cpp,864]:
Remove body failed
b3Warning[examples/SharedMemory/PhysicsDirect.cpp,864]:
Remove body failed
b3Warning[examples/SharedMemory/PhysicsDirect.cpp,864]:
Remove body failed
b3Warning[examples/SharedMemory/PhysicsDirect.cpp,864]:
Remove body failed
b3Warning[examples/SharedMemory/PhysicsDirect.cpp,864]:
Remove body failed
b3Warning[examples/SharedMemory/PhysicsDirect.cpp,864]:
Remove body failed
b3Warning[examples/SharedMemory/PhysicsDirect.cpp,864]:
Remove body failed
b3Warning[examples/SharedMemory/PhysicsDirect.cpp,864]:
Remove body failed
b3Warning[examples/SharedMemory/PhysicsDirect.cpp,864]:
Remove body failed
b3Warning[examples/SharedMemory/PhysicsDirect.cpp,864]:
Remove body failed
b3Warning[examples/SharedMemory/PhysicsDirect.cpp,864]:
Remove body failed
b3Warning[examples/SharedMemory/PhysicsDirect.cpp,864]:
Remove body failed
b3Warning[examples/SharedMemory/PhysicsDirect.cpp,864]:
Remove body failed
b3Warning[examples/SharedMemory/PhysicsDirect.cpp,864]:
Remove body failed
b3Warning[examples/SharedMemory/PhysicsDirect.cpp,864]:
Remove body failed
b3Warning[examples/SharedMemory/PhysicsDirect.cpp,864]:
Remove body failed
b3Warning[examples/SharedMemory/PhysicsDirect.cpp,864]:
Remove body failed
b3Warning[examples/SharedMemory/PhysicsDirect.cpp,864]:
Remove body failed
b3Warning[examples/SharedMemory/PhysicsDirect.cpp,864]:
Remove body failed
b3Warning[examples/SharedMemory/PhysicsDirect.cpp,864]:
Remove body failed
b3Warning[examples/SharedMemory/PhysicsDirect.cpp,864]:
Remove body failed
b3Warning[examples/SharedMemory/PhysicsDirect.cpp,864]:
Remove body failed
b3Warning[examples/SharedMemory/PhysicsDirect.cpp,864]:
Remove body failed
b3Warning[examples/SharedMemory/PhysicsDirect.cpp,864]:
Remove body failed
b3Warning[examples/SharedMemory/PhysicsDirect.cpp,864]:
Remove body failed
b3Warning[examples/SharedMemory/PhysicsDirect.cpp,864]:
Remove body failed
b3Warning[examples/SharedMemory/PhysicsDirect.cpp,864]:
Remove body failed
b3Warning[examples/SharedMemory/PhysicsDirect.cpp,864]:
Remove body failed
b3Warning[examples/SharedMemory/PhysicsDirect.cpp,864]:
Remove body failed
b3Warning[examples/SharedMemory/PhysicsDirect.cpp,864]:
Remove body failed
b3Warning[examples/SharedMemory/PhysicsDirect.cpp,864]:
Remove body failed
b3Warning[examples/SharedMemory/PhysicsDirect.cpp,864]:
Remove body failed
b3Warning[examples/SharedMemory/PhysicsDirect.cpp,864]:
Remove body failed
b3Warning[examples/SharedMemory/PhysicsDirect.cpp,864]:
Remove body failed
b3Warning[examples/SharedMemory/PhysicsDirect.cpp,864]:
Remove body failed
b3Warning[examples/SharedMemory/PhysicsDirect.cpp,864]:
Remove body failed
b3Warning[examples/SharedMemory/PhysicsDirect.cpp,864]:
Remove body failed
b3Warning[examples/SharedMemory/PhysicsDirect.cpp,864]:
Remove body failed
b3Warning[examples/SharedMemory/PhysicsDirect.cpp,864]:
Remove body failed
b3Warning[examples/SharedMemory/PhysicsDirect.cpp,864]:
Remove body failed
[INFO] BaseAviary.__init__() loaded parameters from the drone's .urdf:
[INFO] m 0.027000, L 0.039700,
[INFO] ixx 0.000014, iyy 0.000014, izz 0.000022,
[INFO] kf 3.160000e-10, km 7.940000e-12,
[INFO] t2w 2.250000, max_speed_kmh 30.000000,
[INFO] gnd_eff_coeff 11.368590, prop_radius 0.023135,
[INFO] drag_xy_coeff 0.000001, drag_z_coeff 0.000001,
[INFO] dw_coeff_1 2267.180000, dw_coeff_2 0.160000, dw_coeff_3 -0.110000
b3Warning[examples/SharedMemory/PhysicsDirect.cpp,864]:
Remove body failed
b3Warning[examples/SharedMemory/PhysicsDirect.cpp,864]:
Remove body failed
b3Warning[examples/SharedMemory/PhysicsDirect.cpp,864]:
Remove body failed
b3Warning[examples/SharedMemory/PhysicsDirect.cpp,864]:
Remove body failed
b3Warning[examples/SharedMemory/PhysicsDirect.cpp,864]:
Remove body failed
b3Warning[examples/SharedMemory/PhysicsDirect.cpp,864]:
Remove body failed
b3Warning[examples/SharedMemory/PhysicsDirect.cpp,864]:
Remove body failed
b3Warning[examples/SharedMemory/PhysicsDirect.cpp,864]:
Remove body failed
b3Warning[examples/SharedMemory/PhysicsDirect.cpp,864]:
Remove body failed
b3Warning[examples/SharedMemory/PhysicsDirect.cpp,864]:
Remove body failed
b3Warning[examples/SharedMemory/PhysicsDirect.cpp,864]:
Remove body failed
b3Warning[examples/SharedMemory/PhysicsDirect.cpp,864]:
Remove body failed
b3Warning[examples/SharedMemory/PhysicsDirect.cpp,864]:
Remove body failed
b3Warning[examples/SharedMemory/PhysicsDirect.cpp,864]:
Remove body failed
b3Warning[examples/SharedMemory/PhysicsDirect.cpp,864]:
Remove body failed
b3Warning[examples/SharedMemory/PhysicsDirect.cpp,864]:
Remove body failed
b3Warning[examples/SharedMemory/PhysicsDirect.cpp,864]:
Remove body failed
b3Warning[examples/SharedMemory/PhysicsDirect.cpp,864]:
Remove body failed
b3Warning[examples/SharedMemory/PhysicsDirect.cpp,864]:
Remove body failed
b3Warning[examples/SharedMemory/PhysicsDirect.cpp,864]:
Remove body failed
b3Warning[examples/SharedMemory/PhysicsDirect.cpp,864]:
Remove body failed
b3Warning[examples/SharedMemory/PhysicsDirect.cpp,864]:
Remove body failed
b3Warning[examples/SharedMemory/PhysicsDirect.cpp,864]:
Remove body failed
b3Warning[examples/SharedMemory/PhysicsDirect.cpp,864]:
Remove body failed
b3Warning[examples/SharedMemory/PhysicsDirect.cpp,864]:
Remove body failed
b3Warning[examples/SharedMemory/PhysicsDirect.cpp,864]:
Remove body failed
b3Warning[examples/SharedMemory/PhysicsDirect.cpp,864]:
Remove body failed
b3Warning[examples/SharedMemory/PhysicsDirect.cpp,864]:
Remove body failed
b3Warning[examples/SharedMemory/PhysicsDirect.cpp,864]:
Remove body failed
b3Warning[examples/SharedMemory/PhysicsDirect.cpp,864]:
Remove body failed
b3Warning[examples/SharedMemory/PhysicsDirect.cpp,864]:
Remove body failed
b3Warning[examples/SharedMemory/PhysicsDirect.cpp,864]:
Remove body failed
b3Warning[examples/SharedMemory/PhysicsDirect.cpp,864]:
Remove body failed
b3Warning[examples/SharedMemory/PhysicsDirect.cpp,864]:
Remove body failed
b3Warning[examples/SharedMemory/PhysicsDirect.cpp,864]:
Remove body failed
b3Warning[examples/SharedMemory/PhysicsDirect.cpp,864]:
Remove body failed
b3Warning[examples/SharedMemory/PhysicsDirect.cpp,864]:
Remove body failed
b3Warning[examples/SharedMemory/PhysicsDirect.cpp,864]:
Remove body failed
b3Warning[examples/SharedMemory/PhysicsDirect.cpp,864]:
Remove body failed
b3Warning[examples/SharedMemory/PhysicsDirect.cpp,864]:
Remove body failed
b3Warning[examples/SharedMemory/PhysicsDirect.cpp,864]:
Remove body failed
b3Warning[examples/SharedMemory/PhysicsDirect.cpp,864]:
Remove body failed
b3Warning[examples/SharedMemory/PhysicsDirect.cpp,864]:
Remove body failed
b3Warning[examples/SharedMemory/PhysicsDirect.cpp,864]:
Remove body failed
b3Warning[examples/SharedMemory/PhysicsDirect.cpp,864]:
Remove body failed
b3Warning[examples/SharedMemory/PhysicsDirect.cpp,864]:
Remove body failed
b3Warning[examples/SharedMemory/PhysicsDirect.cpp,864]:
Remove body failed
b3Warning[examples/SharedMemory/PhysicsDirect.cpp,864]:
Remove body failed
b3Warning[examples/SharedMemory/PhysicsDirect.cpp,864]:
Remove body failed
b3Warning[examples/SharedMemory/PhysicsDirect.cpp,864]:
Remove body failed
b3Warning[examples/SharedMemory/PhysicsDirect.cpp,864]:
Remove body failed
b3Warning[examples/SharedMemory/PhysicsDirect.cpp,864]:
Remove body failed
b3Warning[examples/SharedMemory/PhysicsDirect.cpp,864]:
Remove body failed
b3Warning[examples/SharedMemory/PhysicsDirect.cpp,864]:
Remove body failed
b3Warning[examples/SharedMemory/PhysicsDirect.cpp,864]:
Remove body failed
b3Warning[examples/SharedMemory/PhysicsDirect.cpp,864]:
Remove body failed
b3Warning[examples/SharedMemory/PhysicsDirect.cpp,864]:
Remove body failed
b3Warning[examples/SharedMemory/PhysicsDirect.cpp,864]:
Remove body failed
b3Warning[examples/SharedMemory/PhysicsDirect.cpp,864]:
Remove body failed
b3Warning[examples/SharedMemory/PhysicsDirect.cpp,864]:
Remove body failed
Running simulation for max 250 steps to record Ground Truth...
[cache] wrote /home/sju5379/cp_scratch/fig_conformal_3d_cache.pkl  (steps=189, reached=True)
[select] frame=11 iv=4 n_true=1 n_pred=1
[render] envelope margin U=0.680  (conformal radius 0.980 vs true 0.300)
[saved] /home/sju5379/cp_scratch/T_RO2026/Func_cp_3d_zoom.png
[saved] /home/sju5379/cp_scratch/fig_conformal_3d_preview.png
--- conformal exit=0 2026-06-18T00:24:58+09:00 ---
--- [2/2] make_traj_3d_overlay.py (traj_3d_overlay.png) ---
pybullet build time: Jun 17 2026 20:49:40
b3Warning[examples/SharedMemory/PhysicsDirect.cpp,864]:
Remove body failed
b3Warning[examples/SharedMemory/PhysicsDirect.cpp,864]:
Remove body failed
b3Warning[examples/SharedMemory/PhysicsDirect.cpp,864]:
Remove body failed
b3Warning[examples/SharedMemory/PhysicsDirect.cpp,864]:
Remove body failed
b3Warning[examples/SharedMemory/PhysicsDirect.cpp,864]:
Remove body failed
b3Warning[examples/SharedMemory/PhysicsDirect.cpp,864]:
Remove body failed
b3Warning[examples/SharedMemory/PhysicsDirect.cpp,864]:
Remove body failed
b3Warning[examples/SharedMemory/PhysicsDirect.cpp,864]:
Remove body failed
b3Warning[examples/SharedMemory/PhysicsDirect.cpp,864]:
Remove body failed
b3Warning[examples/SharedMemory/PhysicsDirect.cpp,864]:
Remove body failed
b3Warning[examples/SharedMemory/PhysicsDirect.cpp,864]:
Remove body failed
b3Warning[examples/SharedMemory/PhysicsDirect.cpp,864]:
Remove body failed
b3Warning[examples/SharedMemory/PhysicsDirect.cpp,864]:
Remove body failed
b3Warning[examples/SharedMemory/PhysicsDirect.cpp,864]:
Remove body failed
b3Warning[examples/SharedMemory/PhysicsDirect.cpp,864]:
Remove body failed
b3Warning[examples/SharedMemory/PhysicsDirect.cpp,864]:
Remove body failed
b3Warning[examples/SharedMemory/PhysicsDirect.cpp,864]:
Remove body failed
b3Warning[examples/SharedMemory/PhysicsDirect.cpp,864]:
Remove body failed
b3Warning[examples/SharedMemory/PhysicsDirect.cpp,864]:
Remove body failed
b3Warning[examples/SharedMemory/PhysicsDirect.cpp,864]:
Remove body failed
b3Warning[examples/SharedMemory/PhysicsDirect.cpp,864]:
Remove body failed
b3Warning[examples/SharedMemory/PhysicsDirect.cpp,864]:
Remove body failed
b3Warning[examples/SharedMemory/PhysicsDirect.cpp,864]:
Remove body failed
b3Warning[examples/SharedMemory/PhysicsDirect.cpp,864]:
Remove body failed
b3Warning[examples/SharedMemory/PhysicsDirect.cpp,864]:
Remove body failed
b3Warning[examples/SharedMemory/PhysicsDirect.cpp,864]:
Remove body failed
b3Warning[examples/SharedMemory/PhysicsDirect.cpp,864]:
Remove body failed
b3Warning[examples/SharedMemory/PhysicsDirect.cpp,864]:
Remove body failed
b3Warning[examples/SharedMemory/PhysicsDirect.cpp,864]:
Remove body failed
b3Warning[examples/SharedMemory/PhysicsDirect.cpp,864]:
Remove body failed
b3Warning[examples/SharedMemory/PhysicsDirect.cpp,864]:
Remove body failed
b3Warning[examples/SharedMemory/PhysicsDirect.cpp,864]:
Remove body failed
b3Warning[examples/SharedMemory/PhysicsDirect.cpp,864]:
Remove body failed
b3Warning[examples/SharedMemory/PhysicsDirect.cpp,864]:
Remove body failed
b3Warning[examples/SharedMemory/PhysicsDirect.cpp,864]:
Remove body failed
b3Warning[examples/SharedMemory/PhysicsDirect.cpp,864]:
Remove body failed
b3Warning[examples/SharedMemory/PhysicsDirect.cpp,864]:
Remove body failed
b3Warning[examples/SharedMemory/PhysicsDirect.cpp,864]:
Remove body failed
b3Warning[examples/SharedMemory/PhysicsDirect.cpp,864]:
Remove body failed
b3Warning[examples/SharedMemory/PhysicsDirect.cpp,864]:
Remove body failed
b3Warning[examples/SharedMemory/PhysicsDirect.cpp,864]:
Remove body failed
b3Warning[examples/SharedMemory/PhysicsDirect.cpp,864]:
Remove body failed
b3Warning[examples/SharedMemory/PhysicsDirect.cpp,864]:
Remove body failed
b3Warning[examples/SharedMemory/PhysicsDirect.cpp,864]:
Remove body failed
b3Warning[examples/SharedMemory/PhysicsDirect.cpp,864]:
Remove body failed
b3Warning[examples/SharedMemory/PhysicsDirect.cpp,864]:
Remove body failed
b3Warning[examples/SharedMemory/PhysicsDirect.cpp,864]:
Remove body failed
b3Warning[examples/SharedMemory/PhysicsDirect.cpp,864]:
Remove body failed
b3Warning[examples/SharedMemory/PhysicsDirect.cpp,864]:
Remove body failed
b3Warning[examples/SharedMemory/PhysicsDirect.cpp,864]:
Remove body failed
b3Warning[examples/SharedMemory/PhysicsDirect.cpp,864]:
Remove body failed
b3Warning[examples/SharedMemory/PhysicsDirect.cpp,864]:
Remove body failed
b3Warning[examples/SharedMemory/PhysicsDirect.cpp,864]:
Remove body failed
b3Warning[examples/SharedMemory/PhysicsDirect.cpp,864]:
Remove body failed
b3Warning[examples/SharedMemory/PhysicsDirect.cpp,864]:
Remove body failed
b3Warning[examples/SharedMemory/PhysicsDirect.cpp,864]:
Remove body failed
b3Warning[examples/SharedMemory/PhysicsDirect.cpp,864]:
Remove body failed
b3Warning[examples/SharedMemory/PhysicsDirect.cpp,864]:
Remove body failed
b3Warning[examples/SharedMemory/PhysicsDirect.cpp,864]:
Remove body failed
b3Warning[examples/SharedMemory/PhysicsDirect.cpp,864]:
Remove body failed
b3Warning[examples/SharedMemory/PhysicsDirect.cpp,864]:
Remove body failed
b3Warning[examples/SharedMemory/PhysicsDirect.cpp,864]:
Remove body failed
b3Warning[examples/SharedMemory/PhysicsDirect.cpp,864]:
Remove body failed
b3Warning[examples/SharedMemory/PhysicsDirect.cpp,864]:
Remove body failed
b3Warning[examples/SharedMemory/PhysicsDirect.cpp,864]:
Remove body failed
b3Warning[examples/SharedMemory/PhysicsDirect.cpp,864]:
Remove body failed
b3Warning[examples/SharedMemory/PhysicsDirect.cpp,864]:
Remove body failed
b3Warning[examples/SharedMemory/PhysicsDirect.cpp,864]:
Remove body failed
b3Warning[examples/SharedMemory/PhysicsDirect.cpp,864]:
Remove body failed
b3Warning[examples/SharedMemory/PhysicsDirect.cpp,864]:
Remove body failed
b3Warning[examples/SharedMemory/PhysicsDirect.cpp,864]:
Remove body failed
b3Warning[examples/SharedMemory/PhysicsDirect.cpp,864]:
Remove body failed
b3Warning[examples/SharedMemory/PhysicsDirect.cpp,864]:
Remove body failed
b3Warning[examples/SharedMemory/PhysicsDirect.cpp,864]:
Remove body failed
b3Warning[examples/SharedMemory/PhysicsDirect.cpp,864]:
Remove body failed
b3Warning[examples/SharedMemory/PhysicsDirect.cpp,864]:
Remove body failed
b3Warning[examples/SharedMemory/PhysicsDirect.cpp,864]:
Remove body failed
b3Warning[examples/SharedMemory/PhysicsDirect.cpp,864]:
Remove body failed
b3Warning[examples/SharedMemory/PhysicsDirect.cpp,864]:
Remove body failed
b3Warning[examples/SharedMemory/PhysicsDirect.cpp,864]:
Remove body failed
b3Warning[examples/SharedMemory/PhysicsDirect.cpp,864]:
Remove body failed
b3Warning[examples/SharedMemory/PhysicsDirect.cpp,864]:
Remove body failed
b3Warning[examples/SharedMemory/PhysicsDirect.cpp,864]:
Remove body failed
b3Warning[examples/SharedMemory/PhysicsDirect.cpp,864]:
Remove body failed
b3Warning[examples/SharedMemory/PhysicsDirect.cpp,864]:
Remove body failed
b3Warning[examples/SharedMemory/PhysicsDirect.cpp,864]:
Remove body failed
b3Warning[examples/SharedMemory/PhysicsDirect.cpp,864]:
Remove body failed
b3Warning[examples/SharedMemory/PhysicsDirect.cpp,864]:
Remove body failed
b3Warning[examples/SharedMemory/PhysicsDirect.cpp,864]:
Remove body failed
b3Warning[examples/SharedMemory/PhysicsDirect.cpp,864]:
Remove body failed
b3Warning[examples/SharedMemory/PhysicsDirect.cpp,864]:
Remove body failed
b3Warning[examples/SharedMemory/PhysicsDirect.cpp,864]:
Remove body failed
b3Warning[examples/SharedMemory/PhysicsDirect.cpp,864]:
Remove body failed
b3Warning[examples/SharedMemory/PhysicsDirect.cpp,864]:
Remove body failed
b3Warning[examples/SharedMemory/PhysicsDirect.cpp,864]:
Remove body failed
b3Warning[examples/SharedMemory/PhysicsDirect.cpp,864]:
Remove body failed
b3Warning[examples/SharedMemory/PhysicsDirect.cpp,864]:
Remove body failed
b3Warning[examples/SharedMemory/PhysicsDirect.cpp,864]:
Remove body failed
b3Warning[examples/SharedMemory/PhysicsDirect.cpp,864]:
Remove body failed
b3Warning[examples/SharedMemory/PhysicsDirect.cpp,864]:
Remove body failed
b3Warning[examples/SharedMemory/PhysicsDirect.cpp,864]:
Remove body failed
b3Warning[examples/SharedMemory/PhysicsDirect.cpp,864]:
Remove body failed
b3Warning[examples/SharedMemory/PhysicsDirect.cpp,864]:
Remove body failed
b3Warning[examples/SharedMemory/PhysicsDirect.cpp,864]:
Remove body failed
b3Warning[examples/SharedMemory/PhysicsDirect.cpp,864]:
Remove body failed
b3Warning[examples/SharedMemory/PhysicsDirect.cpp,864]:
Remove body failed
b3Warning[examples/SharedMemory/PhysicsDirect.cpp,864]:
Remove body failed
b3Warning[examples/SharedMemory/PhysicsDirect.cpp,864]:
Remove body failed
b3Warning[examples/SharedMemory/PhysicsDirect.cpp,864]:
Remove body failed
b3Warning[examples/SharedMemory/PhysicsDirect.cpp,864]:
Remove body failed
b3Warning[examples/SharedMemory/PhysicsDirect.cpp,864]:
Remove body failed
b3Warning[examples/SharedMemory/PhysicsDirect.cpp,864]:
Remove body failed
b3Warning[examples/SharedMemory/PhysicsDirect.cpp,864]:
Remove body failed
b3Warning[examples/SharedMemory/PhysicsDirect.cpp,864]:
Remove body failed
b3Warning[examples/SharedMemory/PhysicsDirect.cpp,864]:
Remove body failed
b3Warning[examples/SharedMemory/PhysicsDirect.cpp,864]:
Remove body failed
b3Warning[examples/SharedMemory/PhysicsDirect.cpp,864]:
Remove body failed
b3Warning[examples/SharedMemory/PhysicsDirect.cpp,864]:
Remove body failed
b3Warning[examples/SharedMemory/PhysicsDirect.cpp,864]:
Remove body failed
b3Warning[examples/SharedMemory/PhysicsDirect.cpp,864]:
Remove body failed
b3Warning[examples/SharedMemory/PhysicsDirect.cpp,864]:
Remove body failed
b3Warning[examples/SharedMemory/PhysicsDirect.cpp,864]:
Remove body failed
b3Warning[examples/SharedMemory/PhysicsDirect.cpp,864]:
Remove body failed
b3Warning[examples/SharedMemory/PhysicsDirect.cpp,864]:
Remove body failed
b3Warning[examples/SharedMemory/PhysicsDirect.cpp,864]:
Remove body failed
b3Warning[examples/SharedMemory/PhysicsDirect.cpp,864]:
Remove body failed
b3Warning[examples/SharedMemory/PhysicsDirect.cpp,864]:
Remove body failed
b3Warning[examples/SharedMemory/PhysicsDirect.cpp,864]:
Remove body failed
b3Warning[examples/SharedMemory/PhysicsDirect.cpp,864]:
Remove body failed
b3Warning[examples/SharedMemory/PhysicsDirect.cpp,864]:
Remove body failed
b3Warning[examples/SharedMemory/PhysicsDirect.cpp,864]:
Remove body failed
b3Warning[examples/SharedMemory/PhysicsDirect.cpp,864]:
Remove body failed
b3Warning[examples/SharedMemory/PhysicsDirect.cpp,864]:
Remove body failed
b3Warning[examples/SharedMemory/PhysicsDirect.cpp,864]:
Remove body failed
b3Warning[examples/SharedMemory/PhysicsDirect.cpp,864]:
Remove body failed
b3Warning[examples/SharedMemory/PhysicsDirect.cpp,864]:
Remove body failed
b3Warning[examples/SharedMemory/PhysicsDirect.cpp,864]:
Remove body failed
b3Warning[examples/SharedMemory/PhysicsDirect.cpp,864]:
Remove body failed
b3Warning[examples/SharedMemory/PhysicsDirect.cpp,864]:
Remove body failed
b3Warning[examples/SharedMemory/PhysicsDirect.cpp,864]:
Remove body failed
b3Warning[examples/SharedMemory/PhysicsDirect.cpp,864]:
Remove body failed
b3Warning[examples/SharedMemory/PhysicsDirect.cpp,864]:
Remove body failed
b3Warning[examples/SharedMemory/PhysicsDirect.cpp,864]:
Remove body failed
b3Warning[examples/SharedMemory/PhysicsDirect.cpp,864]:
Remove body failed
b3Warning[examples/SharedMemory/PhysicsDirect.cpp,864]:
Remove body failed
b3Warning[examples/SharedMemory/PhysicsDirect.cpp,864]:
Remove body failed
b3Warning[examples/SharedMemory/PhysicsDirect.cpp,864]:
Remove body failed
b3Warning[examples/SharedMemory/PhysicsDirect.cpp,864]:
Remove body failed
b3Warning[examples/SharedMemory/PhysicsDirect.cpp,864]:
Remove body failed
b3Warning[examples/SharedMemory/PhysicsDirect.cpp,864]:
Remove body failed
b3Warning[examples/SharedMemory/PhysicsDirect.cpp,864]:
Remove body failed
b3Warning[examples/SharedMemory/PhysicsDirect.cpp,864]:
Remove body failed
b3Warning[examples/SharedMemory/PhysicsDirect.cpp,864]:
Remove body failed
b3Warning[examples/SharedMemory/PhysicsDirect.cpp,864]:
Remove body failed
b3Warning[examples/SharedMemory/PhysicsDirect.cpp,864]:
Remove body failed
b3Warning[examples/SharedMemory/PhysicsDirect.cpp,864]:
Remove body failed
b3Warning[examples/SharedMemory/PhysicsDirect.cpp,864]:
Remove body failed
b3Warning[examples/SharedMemory/PhysicsDirect.cpp,864]:
Remove body failed
b3Warning[examples/SharedMemory/PhysicsDirect.cpp,864]:
Remove body failed
b3Warning[examples/SharedMemory/PhysicsDirect.cpp,864]:
Remove body failed
b3Warning[examples/SharedMemory/PhysicsDirect.cpp,864]:
Remove body failed
b3Warning[examples/SharedMemory/PhysicsDirect.cpp,864]:
Remove body failed
b3Warning[examples/SharedMemory/PhysicsDirect.cpp,864]:
Remove body failed
b3Warning[examples/SharedMemory/PhysicsDirect.cpp,864]:
Remove body failed
b3Warning[examples/SharedMemory/PhysicsDirect.cpp,864]:
Remove body failed
b3Warning[examples/SharedMemory/PhysicsDirect.cpp,864]:
Remove body failed
b3Warning[examples/SharedMemory/PhysicsDirect.cpp,864]:
Remove body failed
b3Warning[examples/SharedMemory/PhysicsDirect.cpp,864]:
Remove body failed
b3Warning[examples/SharedMemory/PhysicsDirect.cpp,864]:
Remove body failed
b3Warning[examples/SharedMemory/PhysicsDirect.cpp,864]:
Remove body failed
b3Warning[examples/SharedMemory/PhysicsDirect.cpp,864]:
Remove body failed
b3Warning[examples/SharedMemory/PhysicsDirect.cpp,864]:
Remove body failed
b3Warning[examples/SharedMemory/PhysicsDirect.cpp,864]:
Remove body failed
b3Warning[examples/SharedMemory/PhysicsDirect.cpp,864]:
Remove body failed
b3Warning[examples/SharedMemory/PhysicsDirect.cpp,864]:
Remove body failed
b3Warning[examples/SharedMemory/PhysicsDirect.cpp,864]:
Remove body failed
b3Warning[examples/SharedMemory/PhysicsDirect.cpp,864]:
Remove body failed
b3Warning[examples/SharedMemory/PhysicsDirect.cpp,864]:
Remove body failed
b3Warning[examples/SharedMemory/PhysicsDirect.cpp,864]:
Remove body failed
b3Warning[examples/SharedMemory/PhysicsDirect.cpp,864]:
Remove body failed
b3Warning[examples/SharedMemory/PhysicsDirect.cpp,864]:
Remove body failed
b3Warning[examples/SharedMemory/PhysicsDirect.cpp,864]:
Remove body failed
b3Warning[examples/SharedMemory/PhysicsDirect.cpp,864]:
Remove body failed
b3Warning[examples/SharedMemory/PhysicsDirect.cpp,864]:
Remove body failed
b3Warning[examples/SharedMemory/PhysicsDirect.cpp,864]:
Remove body failed
b3Warning[examples/SharedMemory/PhysicsDirect.cpp,864]:
Remove body failed
b3Warning[examples/SharedMemory/PhysicsDirect.cpp,864]:
Remove body failed
b3Warning[examples/SharedMemory/PhysicsDirect.cpp,864]:
Remove body failed
b3Warning[examples/SharedMemory/PhysicsDirect.cpp,864]:
Remove body failed
b3Warning[examples/SharedMemory/PhysicsDirect.cpp,864]:
Remove body failed
b3Warning[examples/SharedMemory/PhysicsDirect.cpp,864]:
Remove body failed
b3Warning[examples/SharedMemory/PhysicsDirect.cpp,864]:
Remove body failed
b3Warning[examples/SharedMemory/PhysicsDirect.cpp,864]:
Remove body failed
b3Warning[examples/SharedMemory/PhysicsDirect.cpp,864]:
Remove body failed
b3Warning[examples/SharedMemory/PhysicsDirect.cpp,864]:
Remove body failed
b3Warning[examples/SharedMemory/PhysicsDirect.cpp,864]:
Remove body failed
b3Warning[examples/SharedMemory/PhysicsDirect.cpp,864]:
Remove body failed
b3Warning[examples/SharedMemory/PhysicsDirect.cpp,864]:
Remove body failed
b3Warning[examples/SharedMemory/PhysicsDirect.cpp,864]:
Remove body failed
b3Warning[examples/SharedMemory/PhysicsDirect.cpp,864]:
Remove body failed
b3Warning[examples/SharedMemory/PhysicsDirect.cpp,864]:
Remove body failed
b3Warning[examples/SharedMemory/PhysicsDirect.cpp,864]:
Remove body failed
b3Warning[examples/SharedMemory/PhysicsDirect.cpp,864]:
Remove body failed
b3Warning[examples/SharedMemory/PhysicsDirect.cpp,864]:
Remove body failed
b3Warning[examples/SharedMemory/PhysicsDirect.cpp,864]:
Remove body failed
b3Warning[examples/SharedMemory/PhysicsDirect.cpp,864]:
Remove body failed
b3Warning[examples/SharedMemory/PhysicsDirect.cpp,864]:
Remove body failed
b3Warning[examples/SharedMemory/PhysicsDirect.cpp,864]:
Remove body failed
b3Warning[examples/SharedMemory/PhysicsDirect.cpp,864]:
Remove body failed
b3Warning[examples/SharedMemory/PhysicsDirect.cpp,864]:
Remove body failed
b3Warning[examples/SharedMemory/PhysicsDirect.cpp,864]:
Remove body failed
b3Warning[examples/SharedMemory/PhysicsDirect.cpp,864]:
Remove body failed
b3Warning[examples/SharedMemory/PhysicsDirect.cpp,864]:
Remove body failed
b3Warning[examples/SharedMemory/PhysicsDirect.cpp,864]:
Remove body failed
b3Warning[examples/SharedMemory/PhysicsDirect.cpp,864]:
Remove body failed
b3Warning[examples/SharedMemory/PhysicsDirect.cpp,864]:
Remove body failed
b3Warning[examples/SharedMemory/PhysicsDirect.cpp,864]:
Remove body failed
b3Warning[examples/SharedMemory/PhysicsDirect.cpp,864]:
Remove body failed
b3Warning[examples/SharedMemory/PhysicsDirect.cpp,864]:
Remove body failed
b3Warning[examples/SharedMemory/PhysicsDirect.cpp,864]:
Remove body failed
b3Warning[examples/SharedMemory/PhysicsDirect.cpp,864]:
Remove body failed
b3Warning[examples/SharedMemory/PhysicsDirect.cpp,864]:
Remove body failed
b3Warning[examples/SharedMemory/PhysicsDirect.cpp,864]:
Remove body failed
b3Warning[examples/SharedMemory/PhysicsDirect.cpp,864]:
Remove body failed
b3Warning[examples/SharedMemory/PhysicsDirect.cpp,864]:
Remove body failed
b3Warning[examples/SharedMemory/PhysicsDirect.cpp,864]:
Remove body failed
b3Warning[examples/SharedMemory/PhysicsDirect.cpp,864]:
Remove body failed
b3Warning[examples/SharedMemory/PhysicsDirect.cpp,864]:
Remove body failed
b3Warning[examples/SharedMemory/PhysicsDirect.cpp,864]:
Remove body failed
b3Warning[examples/SharedMemory/PhysicsDirect.cpp,864]:
Remove body failed
b3Warning[examples/SharedMemory/PhysicsDirect.cpp,864]:
Remove body failed
b3Warning[examples/SharedMemory/PhysicsDirect.cpp,864]:
Remove body failed
b3Warning[examples/SharedMemory/PhysicsDirect.cpp,864]:
Remove body failed
b3Warning[examples/SharedMemory/PhysicsDirect.cpp,864]:
Remove body failed
b3Warning[examples/SharedMemory/PhysicsDirect.cpp,864]:
Remove body failed
b3Warning[examples/SharedMemory/PhysicsDirect.cpp,864]:
Remove body failed
b3Warning[examples/SharedMemory/PhysicsDirect.cpp,864]:
Remove body failed
b3Warning[examples/SharedMemory/PhysicsDirect.cpp,864]:
Remove body failed
b3Warning[examples/SharedMemory/PhysicsDirect.cpp,864]:
Remove body failed
b3Warning[examples/SharedMemory/PhysicsDirect.cpp,864]:
Remove body failed
b3Warning[examples/SharedMemory/PhysicsDirect.cpp,864]:
Remove body failed
b3Warning[examples/SharedMemory/PhysicsDirect.cpp,864]:
Remove body failed
b3Warning[examples/SharedMemory/PhysicsDirect.cpp,864]:
Remove body failed
b3Warning[examples/SharedMemory/PhysicsDirect.cpp,864]:
Remove body failed
b3Warning[examples/SharedMemory/PhysicsDirect.cpp,864]:
Remove body failed
b3Warning[examples/SharedMemory/PhysicsDirect.cpp,864]:
Remove body failed
b3Warning[examples/SharedMemory/PhysicsDirect.cpp,864]:
Remove body failed
b3Warning[examples/SharedMemory/PhysicsDirect.cpp,864]:
Remove body failed
b3Warning[examples/SharedMemory/PhysicsDirect.cpp,864]:
Remove body failed
b3Warning[examples/SharedMemory/PhysicsDirect.cpp,864]:
Remove body failed
b3Warning[examples/SharedMemory/PhysicsDirect.cpp,864]:
Remove body failed
b3Warning[examples/SharedMemory/PhysicsDirect.cpp,864]:
Remove body failed
b3Warning[examples/SharedMemory/PhysicsDirect.cpp,864]:
Remove body failed
b3Warning[examples/SharedMemory/PhysicsDirect.cpp,864]:
Remove body failed
b3Warning[examples/SharedMemory/PhysicsDirect.cpp,864]:
Remove body failed
b3Warning[examples/SharedMemory/PhysicsDirect.cpp,864]:
Remove body failed
b3Warning[examples/SharedMemory/PhysicsDirect.cpp,864]:
Remove body failed
b3Warning[examples/SharedMemory/PhysicsDirect.cpp,864]:
Remove body failed
b3Warning[examples/SharedMemory/PhysicsDirect.cpp,864]:
Remove body failed
b3Warning[examples/SharedMemory/PhysicsDirect.cpp,864]:
Remove body failed
b3Warning[examples/SharedMemory/PhysicsDirect.cpp,864]:
Remove body failed
b3Warning[examples/SharedMemory/PhysicsDirect.cpp,864]:
Remove body failed
b3Warning[examples/SharedMemory/PhysicsDirect.cpp,864]:
Remove body failed
b3Warning[examples/SharedMemory/PhysicsDirect.cpp,864]:
Remove body failed
b3Warning[examples/SharedMemory/PhysicsDirect.cpp,864]:
Remove body failed
b3Warning[examples/SharedMemory/PhysicsDirect.cpp,864]:
Remove body failed
b3Warning[examples/SharedMemory/PhysicsDirect.cpp,864]:
Remove body failed
b3Warning[examples/SharedMemory/PhysicsDirect.cpp,864]:
Remove body failed
b3Warning[examples/SharedMemory/PhysicsDirect.cpp,864]:
Remove body failed
b3Warning[examples/SharedMemory/PhysicsDirect.cpp,864]:
Remove body failed
b3Warning[examples/SharedMemory/PhysicsDirect.cpp,864]:
Remove body failed
b3Warning[examples/SharedMemory/PhysicsDirect.cpp,864]:
Remove body failed
b3Warning[examples/SharedMemory/PhysicsDirect.cpp,864]:
Remove body failed
b3Warning[examples/SharedMemory/PhysicsDirect.cpp,864]:
Remove body failed
b3Warning[examples/SharedMemory/PhysicsDirect.cpp,864]:
Remove body failed
b3Warning[examples/SharedMemory/PhysicsDirect.cpp,864]:
Remove body failed
b3Warning[examples/SharedMemory/PhysicsDirect.cpp,864]:
Remove body failed
b3Warning[examples/SharedMemory/PhysicsDirect.cpp,864]:
Remove body failed
b3Warning[examples/SharedMemory/PhysicsDirect.cpp,864]:
Remove body failed
b3Warning[examples/SharedMemory/PhysicsDirect.cpp,864]:
Remove body failed

>>> Running CC-MPC  (seed=25, n_obs=280) ...
[INFO] BaseAviary.__init__() loaded parameters from the drone's .urdf:
[INFO] m 0.027000, L 0.039700,
[INFO] ixx 0.000014, iyy 0.000014, izz 0.000022,
[INFO] kf 3.160000e-10, km 7.940000e-12,
[INFO] t2w 2.250000, max_speed_kmh 30.000000,
[INFO] gnd_eff_coeff 11.368590, prop_radius 0.023135,
[INFO] drag_xy_coeff 0.000001, drag_z_coeff 0.000001,
[INFO] dw_coeff_1 2267.180000, dw_coeff_2 0.160000, dw_coeff_3 -0.110000
  [CC-MPC] steps=250 coll=6 reached=False elapsed=74.2s

>>> Running ACP-MPC  (seed=25, n_obs=280) ...
[INFO] BaseAviary.__init__() loaded parameters from the drone's .urdf:
[INFO] m 0.027000, L 0.039700,
[INFO] ixx 0.000014, iyy 0.000014, izz 0.000022,
[INFO] kf 3.160000e-10, km 7.940000e-12,
[INFO] t2w 2.250000, max_speed_kmh 30.000000,
[INFO] gnd_eff_coeff 11.368590, prop_radius 0.023135,
[INFO] drag_xy_coeff 0.000001, drag_z_coeff 0.000001,
[INFO] dw_coeff_1 2267.180000, dw_coeff_2 0.160000, dw_coeff_3 -0.110000
  [ACP-MPC] steps=250 coll=0 reached=False elapsed=76.3s

>>> Running FCP-MPC  (seed=25, n_obs=280) ...
[INFO] BaseAviary.__init__() loaded parameters from the drone's .urdf:
[INFO] m 0.027000, L 0.039700,
[INFO] ixx 0.000014, iyy 0.000014, izz 0.000022,
[INFO] kf 3.160000e-10, km 7.940000e-12,
[INFO] t2w 2.250000, max_speed_kmh 30.000000,
[INFO] gnd_eff_coeff 11.368590, prop_radius 0.023135,
[INFO] drag_xy_coeff 0.000001, drag_z_coeff 0.000001,
[INFO] dw_coeff_1 2267.180000, dw_coeff_2 0.160000, dw_coeff_3 -0.110000
Running simulation for max 250 steps to record Ground Truth...
  [FCP-MPC] steps=150 coll=15 reached=True elapsed=127.4s
[saved] /home/sju5379/cp_scratch/T_RO2026/traj_3d_overlay.png
--- overlay exit=0 2026-06-18T00:29:38+09:00 ---
=== DONE 2026-06-18T00:29:38+09:00 rc1=0 rc2=0 ===
