/home/sju5379/anaconda3/envs/cp/lib/python3.12/site-packages/numpy/_core/fromnumeric.py:3860: RuntimeWarning: Mean of empty slice.
  return _methods._mean(a, axis=axis, dtype=dtype,
/home/sju5379/anaconda3/envs/cp/lib/python3.12/site-packages/numpy/_core/_methods.py:145: RuntimeWarning: invalid value encountered in scalar divide
  ret = ret.dtype.type(ret / rcount)
[auto-find] 5 SDD annotation file(s)

=== SDD/deathCircle/video0 ===  windows=29220 (full=23251)
  RAW         corr(err,turn) = -0.017  (cells=830)
  CONTROLLED  corr(err,turn) = -0.077  (cells=376; full + count>=20 + interior)
  CONTROLLED  corr(err,dens) = +0.058
  err hi-density=56.751  lo-density=47.674
  >>> controlled spatial-turning structure: WEAK/UNSUPPORTED
  [saved] /home/sju5379/cp_scratch/sdd_deathCircle_video0_diag.png, _overlay.png, _cells.npz

=== SDD/deathCircle/video1 ===  windows=35962 (full=26614)
  RAW         corr(err,turn) = +0.028  (cells=811)
  CONTROLLED  corr(err,turn) = -0.040  (cells=362; full + count>=20 + interior)
  CONTROLLED  corr(err,dens) = -0.147
  err hi-density=43.767  lo-density=54.734
  >>> controlled spatial-turning structure: WEAK/UNSUPPORTED
  [saved] /home/sju5379/cp_scratch/sdd_deathCircle_video1_diag.png, _overlay.png, _cells.npz

=== SDD/deathCircle/video2 ===  windows=581 (full=307)
  RAW         corr(err,turn) = +0.139  (cells=209)
  CONTROLLED  corr(err,turn) = +nan  (cells=1; full + count>=20 + interior)
  CONTROLLED  corr(err,dens) = +nan
  err hi-density=40.180  lo-density=nan
  >>> controlled spatial-turning structure: WEAK/UNSUPPORTED
  [saved] /home/sju5379/cp_scratch/sdd_deathCircle_video2_diag.png, _overlay.png, _cells.npz

=== SDD/deathCircle/video3 ===  windows=23578 (full=16357)
  RAW         corr(err,turn) = +0.101  (cells=951)
  CONTROLLED  corr(err,turn) = -0.172  (cells=264; full + count>=20 + interior)
  CONTROLLED  corr(err,dens) = +0.026
  err hi-density=107.895  lo-density=94.995
  >>> controlled spatial-turning structure: WEAK/UNSUPPORTED
  [saved] /home/sju5379/cp_scratch/sdd_deathCircle_video3_diag.png, _overlay.png, _cells.npz

=== SDD/deathCircle/video4 ===  windows=718 (full=354)
  RAW         corr(err,turn) = +0.419  (cells=235)
  CONTROLLED  corr(err,turn) = +nan  (cells=0; full + count>=20 + interior)
  CONTROLLED  corr(err,dens) = +nan
  >>> controlled spatial-turning structure: WEAK/UNSUPPORTED
  [saved] /home/sju5379/cp_scratch/sdd_deathCircle_video4_diag.png, _overlay.png, _cells.npz

==== SUMMARY (controlled corr error<->turning) ====
  SDD/deathCircle/video0         raw=-0.02 ctrl=-0.08 dens=+0.06 cells=376 -> WEAK/UNSUPPORTED
  SDD/deathCircle/video1         raw=+0.03 ctrl=-0.04 dens=-0.15 cells=362 -> WEAK/UNSUPPORTED
  SDD/deathCircle/video2         raw=+0.14 ctrl=+nan dens=+nan cells=1 -> WEAK/UNSUPPORTED
  SDD/deathCircle/video3         raw=+0.10 ctrl=-0.17 dens=+0.03 cells=264 -> WEAK/UNSUPPORTED
  SDD/deathCircle/video4         raw=+0.42 ctrl=+nan dens=+nan cells=0 -> WEAK/UNSUPPORTED
